<?xml version="1.0" encoding="UTF-8"?>
<testsuite name="ru.stqa.pft.addressbook.tests.EntryModificationTests" tests="1" skipped="0" failures="0" errors="0" timestamp="2022-01-19T08:33:50" hostname="DESKTOP-8G39DAE" time="8.649">
  <properties/>
  <testcase name="testEntryModification" classname="ru.stqa.pft.addressbook.tests.EntryModificationTests" time="8.649"/>
  <system-out><![CDATA[]]></system-out>
  <system-err><![CDATA[SLF4J: Failed to load class "org.slf4j.impl.StaticLoggerBinder".
SLF4J: Defaulting to no-operation (NOP) logger implementation
SLF4J: See http://www.slf4j.org/codes.html#StaticLoggerBinder for further details.
1642581228316	geckodriver	INFO	Listening on 127.0.0.1:57784
1642581228514	mozrunner::runner	INFO	Running command: "C:\\Program Files\\Mozilla Firefox\\firefox.exe" "--marionette" "--remote-debugging-port" "56094" "-no-remote" "-profile" "C:\\Users\\Tanya\\AppData\\Local\\Temp\\rust_mozprofile5oqrNB"
1642581228775	Marionette	INFO	Marionette enabled
console.warn: SearchSettings: "get: No settings file exists, new profile?" (new NotFoundError("Could not open the file at C:\\Users\\Tanya\\AppData\\Local\\Temp\\rust_mozprofile5oqrNB\\search.json.mozlz4", (void 0)))
DevTools listening on ws://localhost:56094/devtools/browser/7ae6cfbf-1c34-49f3-b910-c33eab939f8f
1642581230399	Marionette	INFO	Listening on port 57701
1642581230553	RemoteAgent	WARN	TLS certificate errors will be ignored for this session
янв. 19, 2022 11:33:50 AM org.openqa.selenium.remote.ProtocolHandshake createSession
INFO: Detected dialect: W3C
]]></system-err>
</testsuite>
